c:\users\my pc\documents\visual studio 2013\projects\main.cpp\main.cpp\debug\main.cpp.pch
c:\users\my pc\documents\visual studio 2013\projects\main.cpp\main.cpp\debug\vc120.pdb
c:\users\my pc\documents\visual studio 2013\projects\main.cpp\main.cpp\debug\vc120.idb
c:\users\my pc\documents\visual studio 2013\projects\main.cpp\main.cpp\debug\stdafx.obj
c:\users\my pc\documents\visual studio 2013\projects\main.cpp\main.cpp\debug\blending.obj
c:\users\my pc\documents\visual studio 2013\projects\main.cpp\main.cpp\debug\main.obj
c:\users\my pc\documents\visual studio 2013\projects\main.cpp\main.cpp\debug\button.obj
c:\users\my pc\documents\visual studio 2013\projects\main.cpp\main.cpp\debug\character.obj
c:\users\my pc\documents\visual studio 2013\projects\main.cpp\main.cpp\debug\game_base.obj
c:\users\my pc\documents\visual studio 2013\projects\main.cpp\main.cpp\debug\game_utils.obj
c:\users\my pc\documents\visual studio 2013\projects\main.cpp\main.cpp\debug\ltexture.obj
c:\users\my pc\documents\visual studio 2013\projects\main.cpp\main.cpp\debug\crew.obj
c:\users\my pc\documents\visual studio 2013\projects\main.cpp\main.cpp\debug\enemy.obj
c:\users\my pc\documents\visual studio 2013\projects\main.cpp\debug\main.cpp.ilk
c:\users\my pc\documents\visual studio 2013\projects\main.cpp\debug\main.cpp.exe
c:\users\my pc\documents\visual studio 2013\projects\main.cpp\debug\main.cpp.pdb
c:\users\my pc\documents\visual studio 2013\projects\main.cpp\main.cpp\debug\main.cpp.tlog\cl.command.1.tlog
c:\users\my pc\documents\visual studio 2013\projects\main.cpp\main.cpp\debug\main.cpp.tlog\cl.read.1.tlog
c:\users\my pc\documents\visual studio 2013\projects\main.cpp\main.cpp\debug\main.cpp.tlog\cl.write.1.tlog
c:\users\my pc\documents\visual studio 2013\projects\main.cpp\main.cpp\debug\main.cpp.tlog\link.command.1.tlog
c:\users\my pc\documents\visual studio 2013\projects\main.cpp\main.cpp\debug\main.cpp.tlog\link.read.1.tlog
c:\users\my pc\documents\visual studio 2013\projects\main.cpp\main.cpp\debug\main.cpp.tlog\link.write.1.tlog
