Build started 05/05/2021 10:31:10 SA.
     1>Project "C:\Users\My PC\Desktop\main.cpp\main.cpp\main.cpp.vcxproj" on node 2 (Build target(s)).
     1>ClCompile:
         C:\Program Files (x86)\Microsoft Visual Studio 12.0\VC\bin\CL.exe /c /ZI /nologo /W3 /WX- /sdl /Od /Oy- /D WIN32 /D _DEBUG /D _CONSOLE /D _LIB /D _UNICODE /D UNICODE /Gm /EHsc /RTC1 /MDd /GS /fp:precise /Zc:wchar_t /Zc:forScope /Yu"stdafx.h" /Fp"Debug\main.cpp.pch" /Fo"Debug\\" /Fd"Debug\vc120.pdb" /Gd /TP /analyze- /errorReport:prompt Button.cpp Crew.cpp Enemy.cpp Game_Base.cpp LTexture.cpp SDL_until.cpp main.cpp
         Enemy.cpp
         Crew.cpp
         Generating Code...
         Compiling...
         main.cpp
     1>c:\users\my pc\desktop\main.cpp\main.cpp\main.cpp(61): warning C4244: 'argument' : conversion from 'const double' to 'int', possible loss of data
     1>c:\users\my pc\desktop\main.cpp\main.cpp\main.cpp(203): warning C4244: '=' : conversion from 'double' to 'int', possible loss of data
     1>c:\users\my pc\desktop\main.cpp\main.cpp\main.cpp(205): warning C4244: '=' : conversion from 'double' to 'int', possible loss of data
     1>c:\users\my pc\desktop\main.cpp\main.cpp\main.cpp(218): warning C4244: '=' : conversion from 'double' to 'int', possible loss of data
     1>c:\users\my pc\desktop\main.cpp\main.cpp\main.cpp(220): warning C4244: '=' : conversion from 'double' to 'int', possible loss of data
     1>c:\users\my pc\desktop\main.cpp\main.cpp\main.cpp(233): warning C4244: '=' : conversion from 'double' to 'int', possible loss of data
     1>c:\users\my pc\desktop\main.cpp\main.cpp\main.cpp(235): warning C4244: '=' : conversion from 'double' to 'int', possible loss of data
     1>c:\users\my pc\desktop\main.cpp\main.cpp\main.cpp(248): warning C4244: '=' : conversion from 'double' to 'int', possible loss of data
     1>c:\users\my pc\desktop\main.cpp\main.cpp\main.cpp(250): warning C4244: '=' : conversion from 'double' to 'int', possible loss of data
     1>c:\users\my pc\desktop\main.cpp\main.cpp\main.cpp(278): warning C4244: '=' : conversion from 'double' to 'int', possible loss of data
     1>c:\users\my pc\desktop\main.cpp\main.cpp\main.cpp(280): warning C4244: '=' : conversion from 'double' to 'int', possible loss of data
     1>c:\users\my pc\desktop\main.cpp\main.cpp\main.cpp(446): warning C4244: 'argument' : conversion from 'time_t' to 'unsigned int', possible loss of data
         SDL_until.cpp
     1>c:\users\my pc\desktop\main.cpp\main.cpp\sdl_until.cpp(74): warning C4244: 'argument' : conversion from 'double' to 'int', possible loss of data
     1>c:\users\my pc\desktop\main.cpp\main.cpp\sdl_until.cpp(75): warning C4244: 'argument' : conversion from 'double' to 'int', possible loss of data
     1>c:\users\my pc\desktop\main.cpp\main.cpp\sdl_until.cpp(363): warning C4244: '=' : conversion from 'double' to 'int', possible loss of data
     1>c:\users\my pc\desktop\main.cpp\main.cpp\sdl_until.cpp(368): warning C4244: '=' : conversion from 'double' to 'int', possible loss of data
     1>c:\users\my pc\desktop\main.cpp\main.cpp\sdl_until.cpp(369): warning C4244: '=' : conversion from 'double' to 'int', possible loss of data
     1>c:\users\my pc\desktop\main.cpp\main.cpp\sdl_until.cpp(373): warning C4244: '=' : conversion from 'double' to 'int', possible loss of data
     1>c:\users\my pc\desktop\main.cpp\main.cpp\sdl_until.cpp(374): warning C4244: '=' : conversion from 'double' to 'int', possible loss of data
     1>c:\users\my pc\desktop\main.cpp\main.cpp\sdl_until.cpp(378): warning C4244: '=' : conversion from 'double' to 'int', possible loss of data
     1>c:\users\my pc\desktop\main.cpp\main.cpp\sdl_until.cpp(379): warning C4244: '=' : conversion from 'double' to 'int', possible loss of data
     1>c:\users\my pc\desktop\main.cpp\main.cpp\sdl_until.cpp(383): warning C4244: '=' : conversion from 'double' to 'int', possible loss of data
     1>c:\users\my pc\desktop\main.cpp\main.cpp\sdl_until.cpp(384): warning C4244: '=' : conversion from 'double' to 'int', possible loss of data
     1>c:\users\my pc\desktop\main.cpp\main.cpp\sdl_until.cpp(388): warning C4244: '=' : conversion from 'double' to 'int', possible loss of data
     1>c:\users\my pc\desktop\main.cpp\main.cpp\sdl_until.cpp(389): warning C4244: '=' : conversion from 'double' to 'int', possible loss of data
     1>c:\users\my pc\desktop\main.cpp\main.cpp\sdl_until.cpp(393): warning C4244: '=' : conversion from 'double' to 'int', possible loss of data
     1>c:\users\my pc\desktop\main.cpp\main.cpp\sdl_until.cpp(394): warning C4244: '=' : conversion from 'double' to 'int', possible loss of data
     1>c:\users\my pc\desktop\main.cpp\main.cpp\sdl_until.cpp(398): warning C4244: '=' : conversion from 'double' to 'int', possible loss of data
     1>c:\users\my pc\desktop\main.cpp\main.cpp\sdl_until.cpp(399): warning C4244: '=' : conversion from 'double' to 'int', possible loss of data
         LTexture.cpp
         Game_Base.cpp
         Button.cpp
         Generating Code...
       Link:
         C:\Program Files (x86)\Microsoft Visual Studio 12.0\VC\bin\link.exe /ERRORREPORT:PROMPT /OUT:"C:\Users\My PC\Desktop\main.cpp\Debug\main.cpp.exe" /INCREMENTAL /NOLOGO SDL2.lib SDL2main.lib SDL2_image.lib SDL2_mixer.lib SDL2_ttf.lib kernel32.lib user32.lib gdi32.lib winspool.lib comdlg32.lib advapi32.lib shell32.lib ole32.lib oleaut32.lib uuid.lib odbc32.lib odbccp32.lib /MANIFEST /MANIFESTUAC:"level='asInvoker' uiAccess='false'" /manifest:embed /DEBUG /PDB:"C:\Users\My PC\Desktop\main.cpp\Debug\main.cpp.pdb" /SUBSYSTEM:CONSOLE /TLBID:1 /DYNAMICBASE /NXCOMPAT /IMPLIB:"C:\Users\My PC\Desktop\main.cpp\Debug\main.cpp.lib" /MACHINE:X86 Debug\Button.obj
         Debug\Crew.obj
         Debug\Enemy.obj
         Debug\Game_Base.obj
         Debug\SDL_until.obj
         Debug\LTexture.obj
         Debug\main.obj
         Debug\stdafx.obj
         main.cpp.vcxproj -> C:\Users\My PC\Desktop\main.cpp\Debug\main.cpp.exe
     1>Done Building Project "C:\Users\My PC\Desktop\main.cpp\main.cpp\main.cpp.vcxproj" (Build target(s)).

Build succeeded.

Time Elapsed 00:00:03.35
